2026-02-05 14:23:34,150 - sentence_transformers.SentenceTransformer - INFO - Use pytorch device_name: cpu
2026-02-05 14:23:34,151 - sentence_transformers.SentenceTransformer - INFO - Load pretrained SentenceTransformer: all-MiniLM-L6-v2
2026-02-05 14:23:34,154 - sentence_transformers.SentenceTransformer - INFO - Use pytorch device_name: cpu
2026-02-05 14:23:34,155 - sentence_transformers.SentenceTransformer - INFO - Load pretrained SentenceTransformer: all-MiniLM-L6-v2
2026-02-05 14:23:35,016 - httpx - INFO - HTTP Request: HEAD https://huggingface.co/sentence-transformers/all-MiniLM-L6-v2/resolve/main/modules.json "HTTP/1.1 307 Temporary Redirect"
2026-02-05 14:23:35,019 - httpx - INFO - HTTP Request: HEAD https://huggingface.co/sentence-transformers/all-MiniLM-L6-v2/resolve/main/modules.json "HTTP/1.1 307 Temporary Redirect"
2026-02-05 14:23:35,033 - httpx - INFO - HTTP Request: HEAD https://huggingface.co/api/resolve-cache/models/sentence-transformers/all-MiniLM-L6-v2/c9745ed1d9f207416be6d2e6f8de32d1f16199bf/modules.json "HTTP/1.1 200 OK"
2026-02-05 14:23:35,035 - httpx - INFO - HTTP Request: HEAD https://huggingface.co/api/resolve-cache/models/sentence-transformers/all-MiniLM-L6-v2/c9745ed1d9f207416be6d2e6f8de32d1f16199bf/modules.json "HTTP/1.1 200 OK"
2026-02-05 14:23:35,271 - httpx - INFO - HTTP Request: HEAD https://huggingface.co/sentence-transformers/all-MiniLM-L6-v2/resolve/main/config_sentence_transformers.json "HTTP/1.1 307 Temporary Redirect"
2026-02-05 14:23:35,271 - httpx - INFO - HTTP Request: HEAD https://huggingface.co/sentence-transformers/all-MiniLM-L6-v2/resolve/main/config_sentence_transformers.json "HTTP/1.1 307 Temporary Redirect"
2026-02-05 14:23:35,271 - huggingface_hub.utils._http - WARNING - Warning: You are sending unauthenticated requests to the HF Hub. Please set a HF_TOKEN to enable higher rate limits and faster downloads.
2026-02-05 14:23:35,271 - huggingface_hub.utils._http - WARNING - Warning: You are sending unauthenticated requests to the HF Hub. Please set a HF_TOKEN to enable higher rate limits and faster downloads.
2026-02-05 14:23:35,287 - httpx - INFO - HTTP Request: HEAD https://huggingface.co/api/resolve-cache/models/sentence-transformers/all-MiniLM-L6-v2/c9745ed1d9f207416be6d2e6f8de32d1f16199bf/config_sentence_transformers.json "HTTP/1.1 200 OK"
2026-02-05 14:23:35,287 - httpx - INFO - HTTP Request: HEAD https://huggingface.co/api/resolve-cache/models/sentence-transformers/all-MiniLM-L6-v2/c9745ed1d9f207416be6d2e6f8de32d1f16199bf/config_sentence_transformers.json "HTTP/1.1 200 OK"
2026-02-05 14:23:35,516 - httpx - INFO - HTTP Request: HEAD https://huggingface.co/sentence-transformers/all-MiniLM-L6-v2/resolve/main/config_sentence_transformers.json "HTTP/1.1 307 Temporary Redirect"
2026-02-05 14:23:35,516 - httpx - INFO - HTTP Request: HEAD https://huggingface.co/sentence-transformers/all-MiniLM-L6-v2/resolve/main/config_sentence_transformers.json "HTTP/1.1 307 Temporary Redirect"
2026-02-05 14:23:35,531 - httpx - INFO - HTTP Request: HEAD https://huggingface.co/api/resolve-cache/models/sentence-transformers/all-MiniLM-L6-v2/c9745ed1d9f207416be6d2e6f8de32d1f16199bf/config_sentence_transformers.json "HTTP/1.1 200 OK"
2026-02-05 14:23:35,538 - httpx - INFO - HTTP Request: HEAD https://huggingface.co/api/resolve-cache/models/sentence-transformers/all-MiniLM-L6-v2/c9745ed1d9f207416be6d2e6f8de32d1f16199bf/config_sentence_transformers.json "HTTP/1.1 200 OK"
2026-02-05 14:23:35,762 - httpx - INFO - HTTP Request: HEAD https://huggingface.co/sentence-transformers/all-MiniLM-L6-v2/resolve/main/README.md "HTTP/1.1 307 Temporary Redirect"
2026-02-05 14:23:35,771 - httpx - INFO - HTTP Request: HEAD https://huggingface.co/sentence-transformers/all-MiniLM-L6-v2/resolve/main/README.md "HTTP/1.1 307 Temporary Redirect"
2026-02-05 14:23:35,782 - httpx - INFO - HTTP Request: HEAD https://huggingface.co/api/resolve-cache/models/sentence-transformers/all-MiniLM-L6-v2/c9745ed1d9f207416be6d2e6f8de32d1f16199bf/README.md "HTTP/1.1 200 OK"
2026-02-05 14:23:35,791 - httpx - INFO - HTTP Request: HEAD https://huggingface.co/api/resolve-cache/models/sentence-transformers/all-MiniLM-L6-v2/c9745ed1d9f207416be6d2e6f8de32d1f16199bf/README.md "HTTP/1.1 200 OK"
2026-02-05 14:23:36,016 - httpx - INFO - HTTP Request: HEAD https://huggingface.co/sentence-transformers/all-MiniLM-L6-v2/resolve/main/modules.json "HTTP/1.1 307 Temporary Redirect"
2026-02-05 14:23:36,029 - httpx - INFO - HTTP Request: HEAD https://huggingface.co/sentence-transformers/all-MiniLM-L6-v2/resolve/main/modules.json "HTTP/1.1 307 Temporary Redirect"
2026-02-05 14:23:36,044 - httpx - INFO - HTTP Request: HEAD https://huggingface.co/api/resolve-cache/models/sentence-transformers/all-MiniLM-L6-v2/c9745ed1d9f207416be6d2e6f8de32d1f16199bf/modules.json "HTTP/1.1 200 OK"
2026-02-05 14:23:36,061 - httpx - INFO - HTTP Request: HEAD https://huggingface.co/api/resolve-cache/models/sentence-transformers/all-MiniLM-L6-v2/c9745ed1d9f207416be6d2e6f8de32d1f16199bf/modules.json "HTTP/1.1 200 OK"
2026-02-05 14:23:36,279 - httpx - INFO - HTTP Request: HEAD https://huggingface.co/sentence-transformers/all-MiniLM-L6-v2/resolve/main/sentence_bert_config.json "HTTP/1.1 307 Temporary Redirect"
2026-02-05 14:23:36,297 - httpx - INFO - HTTP Request: HEAD https://huggingface.co/api/resolve-cache/models/sentence-transformers/all-MiniLM-L6-v2/c9745ed1d9f207416be6d2e6f8de32d1f16199bf/sentence_bert_config.json "HTTP/1.1 200 OK"
2026-02-05 14:23:36,304 - httpx - INFO - HTTP Request: HEAD https://huggingface.co/sentence-transformers/all-MiniLM-L6-v2/resolve/main/sentence_bert_config.json "HTTP/1.1 307 Temporary Redirect"
2026-02-05 14:23:36,319 - httpx - INFO - HTTP Request: HEAD https://huggingface.co/api/resolve-cache/models/sentence-transformers/all-MiniLM-L6-v2/c9745ed1d9f207416be6d2e6f8de32d1f16199bf/sentence_bert_config.json "HTTP/1.1 200 OK"
2026-02-05 14:23:36,553 - httpx - INFO - HTTP Request: HEAD https://huggingface.co/sentence-transformers/all-MiniLM-L6-v2/resolve/main/adapter_config.json "HTTP/1.1 404 Not Found"
2026-02-05 14:23:36,558 - httpx - INFO - HTTP Request: HEAD https://huggingface.co/sentence-transformers/all-MiniLM-L6-v2/resolve/main/adapter_config.json "HTTP/1.1 404 Not Found"
2026-02-05 14:23:36,784 - httpx - INFO - HTTP Request: HEAD https://huggingface.co/sentence-transformers/all-MiniLM-L6-v2/resolve/main/config.json "HTTP/1.1 307 Temporary Redirect"
2026-02-05 14:23:36,795 - httpx - INFO - HTTP Request: HEAD https://huggingface.co/sentence-transformers/all-MiniLM-L6-v2/resolve/main/config.json "HTTP/1.1 307 Temporary Redirect"
2026-02-05 14:23:36,807 - httpx - INFO - HTTP Request: HEAD https://huggingface.co/api/resolve-cache/models/sentence-transformers/all-MiniLM-L6-v2/c9745ed1d9f207416be6d2e6f8de32d1f16199bf/config.json "HTTP/1.1 200 OK"
2026-02-05 14:23:36,811 - httpx - INFO - HTTP Request: HEAD https://huggingface.co/api/resolve-cache/models/sentence-transformers/all-MiniLM-L6-v2/c9745ed1d9f207416be6d2e6f8de32d1f16199bf/config.json "HTTP/1.1 200 OK"
2026-02-05 14:23:37,188 - httpx - INFO - HTTP Request: HEAD https://huggingface.co/sentence-transformers/all-MiniLM-L6-v2/resolve/main/config.json "HTTP/1.1 307 Temporary Redirect"
2026-02-05 14:23:37,197 - httpx - INFO - HTTP Request: HEAD https://huggingface.co/sentence-transformers/all-MiniLM-L6-v2/resolve/main/config.json "HTTP/1.1 307 Temporary Redirect"
2026-02-05 14:23:37,205 - httpx - INFO - HTTP Request: HEAD https://huggingface.co/api/resolve-cache/models/sentence-transformers/all-MiniLM-L6-v2/c9745ed1d9f207416be6d2e6f8de32d1f16199bf/config.json "HTTP/1.1 200 OK"
2026-02-05 14:23:37,219 - httpx - INFO - HTTP Request: HEAD https://huggingface.co/api/resolve-cache/models/sentence-transformers/all-MiniLM-L6-v2/c9745ed1d9f207416be6d2e6f8de32d1f16199bf/config.json "HTTP/1.1 200 OK"
2026-02-05 14:23:37,441 - httpx - INFO - HTTP Request: HEAD https://huggingface.co/sentence-transformers/all-MiniLM-L6-v2/resolve/main/tokenizer_config.json "HTTP/1.1 307 Temporary Redirect"
2026-02-05 14:23:37,448 - httpx - INFO - HTTP Request: HEAD https://huggingface.co/sentence-transformers/all-MiniLM-L6-v2/resolve/main/tokenizer_config.json "HTTP/1.1 307 Temporary Redirect"
2026-02-05 14:23:37,461 - httpx - INFO - HTTP Request: HEAD https://huggingface.co/api/resolve-cache/models/sentence-transformers/all-MiniLM-L6-v2/c9745ed1d9f207416be6d2e6f8de32d1f16199bf/tokenizer_config.json "HTTP/1.1 200 OK"
2026-02-05 14:23:37,463 - httpx - INFO - HTTP Request: HEAD https://huggingface.co/api/resolve-cache/models/sentence-transformers/all-MiniLM-L6-v2/c9745ed1d9f207416be6d2e6f8de32d1f16199bf/tokenizer_config.json "HTTP/1.1 200 OK"
2026-02-05 14:23:37,703 - httpx - INFO - HTTP Request: GET https://huggingface.co/api/models/sentence-transformers/all-MiniLM-L6-v2/tree/main/additional_chat_templates?recursive=false&expand=false "HTTP/1.1 404 Not Found"
2026-02-05 14:23:37,705 - httpx - INFO - HTTP Request: GET https://huggingface.co/api/models/sentence-transformers/all-MiniLM-L6-v2/tree/main/additional_chat_templates?recursive=false&expand=false "HTTP/1.1 404 Not Found"
2026-02-05 14:23:37,946 - httpx - INFO - HTTP Request: GET https://huggingface.co/api/models/sentence-transformers/all-MiniLM-L6-v2/tree/main?recursive=true&expand=false "HTTP/1.1 200 OK"
2026-02-05 14:23:37,947 - httpx - INFO - HTTP Request: GET https://huggingface.co/api/models/sentence-transformers/all-MiniLM-L6-v2/tree/main?recursive=true&expand=false "HTTP/1.1 200 OK"
2026-02-05 14:23:38,258 - httpx - INFO - HTTP Request: HEAD https://huggingface.co/sentence-transformers/all-MiniLM-L6-v2/resolve/main/1_Pooling/config.json "HTTP/1.1 307 Temporary Redirect"
2026-02-05 14:23:38,263 - httpx - INFO - HTTP Request: HEAD https://huggingface.co/sentence-transformers/all-MiniLM-L6-v2/resolve/main/1_Pooling/config.json "HTTP/1.1 307 Temporary Redirect"
2026-02-05 14:23:38,281 - httpx - INFO - HTTP Request: HEAD https://huggingface.co/api/resolve-cache/models/sentence-transformers/all-MiniLM-L6-v2/c9745ed1d9f207416be6d2e6f8de32d1f16199bf/1_Pooling%2Fconfig.json "HTTP/1.1 200 OK"
2026-02-05 14:23:38,282 - httpx - INFO - HTTP Request: HEAD https://huggingface.co/api/resolve-cache/models/sentence-transformers/all-MiniLM-L6-v2/c9745ed1d9f207416be6d2e6f8de32d1f16199bf/1_Pooling%2Fconfig.json "HTTP/1.1 200 OK"
2026-02-05 14:23:38,521 - httpx - INFO - HTTP Request: GET https://huggingface.co/api/models/sentence-transformers/all-MiniLM-L6-v2 "HTTP/1.1 200 OK"
2026-02-05 14:23:38,526 - httpx - INFO - HTTP Request: GET https://huggingface.co/api/models/sentence-transformers/all-MiniLM-L6-v2 "HTTP/1.1 200 OK"
2026-02-05 14:23:42,754 - absl - WARNING - Compiled the loaded model, but the compiled metrics have yet to be built. `model.compile_metrics` will be empty until you train or evaluate the model.
2026-02-05 14:23:42,754 - absl - WARNING - Compiled the loaded model, but the compiled metrics have yet to be built. `model.compile_metrics` will be empty until you train or evaluate the model.
2026-02-05 14:23:42,757 - absl - WARNING - Error in loading the saved optimizer state. As a result, your model is starting with a freshly initialized optimizer.
2026-02-05 14:23:42,757 - absl - WARNING - Error in loading the saved optimizer state. As a result, your model is starting with a freshly initialized optimizer.
2026-02-05 14:23:42,758 - api.triage_endpoint - INFO - Performing startup database check...
2026-02-05 14:23:42,758 - api.triage_endpoint - INFO - Performing startup database check...
2026-02-05 14:23:43,820 - httpx - INFO - HTTP Request: GET https://atobahhoxunkinyshlte.supabase.co/rest/v1/possible_diagnoses?select=%2A&limit=1 "HTTP/2 200 OK"
2026-02-05 14:23:43,821 - httpx - INFO - HTTP Request: GET https://atobahhoxunkinyshlte.supabase.co/rest/v1/possible_diagnoses?select=%2A&limit=1 "HTTP/2 200 OK"
2026-02-05 14:23:43,822 - api.triage_endpoint - INFO - Database check passed. Table 'possible_diagnoses' accessible.
2026-02-05 14:23:43,822 - api.triage_endpoint - INFO - Database check passed. Table 'possible_diagnoses' accessible.
2026-02-05 14:23:44,009 - httpx - INFO - HTTP Request: POST https://atobahhoxunkinyshlte.supabase.co/rest/v1/possible_diagnoses "HTTP/2 409 Conflict"
2026-02-05 14:23:44,010 - api.triage_endpoint - INFO - Startup insert check: FK constraint triggered (expected). Schema likely correct.
2026-02-05 14:23:44,027 - httpx - INFO - HTTP Request: POST https://atobahhoxunkinyshlte.supabase.co/rest/v1/possible_diagnoses "HTTP/2 409 Conflict"
2026-02-05 14:23:44,028 - api.triage_endpoint - INFO - Startup insert check: FK constraint triggered (expected). Schema likely correct.
2026-02-05 14:29:23,878 - sentence_transformers.SentenceTransformer - INFO - Use pytorch device_name: cpu
2026-02-05 14:29:23,878 - sentence_transformers.SentenceTransformer - INFO - Load pretrained SentenceTransformer: all-MiniLM-L6-v2
2026-02-05 14:29:24,852 - httpx - INFO - HTTP Request: HEAD https://huggingface.co/sentence-transformers/all-MiniLM-L6-v2/resolve/main/modules.json "HTTP/1.1 307 Temporary Redirect"
2026-02-05 14:29:24,871 - httpx - INFO - HTTP Request: HEAD https://huggingface.co/api/resolve-cache/models/sentence-transformers/all-MiniLM-L6-v2/c9745ed1d9f207416be6d2e6f8de32d1f16199bf/modules.json "HTTP/1.1 200 OK"
2026-02-05 14:29:25,107 - httpx - INFO - HTTP Request: HEAD https://huggingface.co/sentence-transformers/all-MiniLM-L6-v2/resolve/main/config_sentence_transformers.json "HTTP/1.1 307 Temporary Redirect"
2026-02-05 14:29:25,130 - httpx - INFO - HTTP Request: HEAD https://huggingface.co/api/resolve-cache/models/sentence-transformers/all-MiniLM-L6-v2/c9745ed1d9f207416be6d2e6f8de32d1f16199bf/config_sentence_transformers.json "HTTP/1.1 200 OK"
2026-02-05 14:29:25,362 - httpx - INFO - HTTP Request: HEAD https://huggingface.co/sentence-transformers/all-MiniLM-L6-v2/resolve/main/config_sentence_transformers.json "HTTP/1.1 307 Temporary Redirect"
2026-02-05 14:29:25,380 - httpx - INFO - HTTP Request: HEAD https://huggingface.co/api/resolve-cache/models/sentence-transformers/all-MiniLM-L6-v2/c9745ed1d9f207416be6d2e6f8de32d1f16199bf/config_sentence_transformers.json "HTTP/1.1 200 OK"
2026-02-05 14:29:25,614 - httpx - INFO - HTTP Request: HEAD https://huggingface.co/sentence-transformers/all-MiniLM-L6-v2/resolve/main/README.md "HTTP/1.1 307 Temporary Redirect"
2026-02-05 14:29:25,627 - httpx - INFO - HTTP Request: HEAD https://huggingface.co/api/resolve-cache/models/sentence-transformers/all-MiniLM-L6-v2/c9745ed1d9f207416be6d2e6f8de32d1f16199bf/README.md "HTTP/1.1 200 OK"
2026-02-05 14:29:25,863 - httpx - INFO - HTTP Request: HEAD https://huggingface.co/sentence-transformers/all-MiniLM-L6-v2/resolve/main/modules.json "HTTP/1.1 307 Temporary Redirect"
2026-02-05 14:29:25,875 - httpx - INFO - HTTP Request: HEAD https://huggingface.co/api/resolve-cache/models/sentence-transformers/all-MiniLM-L6-v2/c9745ed1d9f207416be6d2e6f8de32d1f16199bf/modules.json "HTTP/1.1 200 OK"
2026-02-05 14:29:26,108 - httpx - INFO - HTTP Request: HEAD https://huggingface.co/sentence-transformers/all-MiniLM-L6-v2/resolve/main/sentence_bert_config.json "HTTP/1.1 307 Temporary Redirect"
2026-02-05 14:29:26,123 - httpx - INFO - HTTP Request: HEAD https://huggingface.co/api/resolve-cache/models/sentence-transformers/all-MiniLM-L6-v2/c9745ed1d9f207416be6d2e6f8de32d1f16199bf/sentence_bert_config.json "HTTP/1.1 200 OK"
2026-02-05 14:29:26,357 - httpx - INFO - HTTP Request: HEAD https://huggingface.co/sentence-transformers/all-MiniLM-L6-v2/resolve/main/adapter_config.json "HTTP/1.1 404 Not Found"
2026-02-05 14:29:26,591 - httpx - INFO - HTTP Request: HEAD https://huggingface.co/sentence-transformers/all-MiniLM-L6-v2/resolve/main/config.json "HTTP/1.1 307 Temporary Redirect"
2026-02-05 14:29:26,610 - httpx - INFO - HTTP Request: HEAD https://huggingface.co/api/resolve-cache/models/sentence-transformers/all-MiniLM-L6-v2/c9745ed1d9f207416be6d2e6f8de32d1f16199bf/config.json "HTTP/1.1 200 OK"
2026-02-05 14:29:27,196 - httpx - INFO - HTTP Request: HEAD https://huggingface.co/sentence-transformers/all-MiniLM-L6-v2/resolve/main/config.json "HTTP/1.1 307 Temporary Redirect"
2026-02-05 14:29:27,208 - httpx - INFO - HTTP Request: HEAD https://huggingface.co/api/resolve-cache/models/sentence-transformers/all-MiniLM-L6-v2/c9745ed1d9f207416be6d2e6f8de32d1f16199bf/config.json "HTTP/1.1 200 OK"
2026-02-05 14:29:27,450 - httpx - INFO - HTTP Request: HEAD https://huggingface.co/sentence-transformers/all-MiniLM-L6-v2/resolve/main/tokenizer_config.json "HTTP/1.1 307 Temporary Redirect"
2026-02-05 14:29:27,467 - httpx - INFO - HTTP Request: HEAD https://huggingface.co/api/resolve-cache/models/sentence-transformers/all-MiniLM-L6-v2/c9745ed1d9f207416be6d2e6f8de32d1f16199bf/tokenizer_config.json "HTTP/1.1 200 OK"
2026-02-05 14:29:27,718 - httpx - INFO - HTTP Request: GET https://huggingface.co/api/models/sentence-transformers/all-MiniLM-L6-v2/tree/main/additional_chat_templates?recursive=false&expand=false "HTTP/1.1 404 Not Found"
2026-02-05 14:29:27,993 - httpx - INFO - HTTP Request: GET https://huggingface.co/api/models/sentence-transformers/all-MiniLM-L6-v2/tree/main?recursive=true&expand=false "HTTP/1.1 200 OK"
2026-02-05 14:29:28,323 - httpx - INFO - HTTP Request: HEAD https://huggingface.co/sentence-transformers/all-MiniLM-L6-v2/resolve/main/1_Pooling/config.json "HTTP/1.1 307 Temporary Redirect"
2026-02-05 14:29:28,340 - httpx - INFO - HTTP Request: HEAD https://huggingface.co/api/resolve-cache/models/sentence-transformers/all-MiniLM-L6-v2/c9745ed1d9f207416be6d2e6f8de32d1f16199bf/1_Pooling%2Fconfig.json "HTTP/1.1 200 OK"
2026-02-05 14:29:28,578 - httpx - INFO - HTTP Request: GET https://huggingface.co/api/models/sentence-transformers/all-MiniLM-L6-v2 "HTTP/1.1 200 OK"
2026-02-05 14:29:34,469 - absl - WARNING - Compiled the loaded model, but the compiled metrics have yet to be built. `model.compile_metrics` will be empty until you train or evaluate the model.
2026-02-05 14:29:34,475 - absl - WARNING - Error in loading the saved optimizer state. As a result, your model is starting with a freshly initialized optimizer.
2026-02-05 14:29:34,481 - api.triage_endpoint - INFO - Performing startup database check...
2026-02-05 14:29:36,378 - httpx - INFO - HTTP Request: GET https://atobahhoxunkinyshlte.supabase.co/rest/v1/possible_diagnoses?select=%2A&limit=1 "HTTP/2 200 OK"
2026-02-05 14:29:36,379 - api.triage_endpoint - INFO - Database check passed. Table 'possible_diagnoses' accessible.
2026-02-05 14:29:36,580 - httpx - INFO - HTTP Request: POST https://atobahhoxunkinyshlte.supabase.co/rest/v1/possible_diagnoses "HTTP/2 409 Conflict"
2026-02-05 14:29:36,582 - api.triage_endpoint - INFO - Startup insert check: FK constraint triggered (expected). Schema likely correct.
2026-02-05 14:31:35,892 - httpx - INFO - HTTP Request: GET https://atobahhoxunkinyshlte.supabase.co/rest/v1/assessments?select=%2A&id=eq.4780c4f8-2d7d-4504-a1e7-4ed3d909696c "HTTP/2 200 OK"
2026-02-05 14:31:36,075 - httpx - INFO - HTTP Request: GET https://atobahhoxunkinyshlte.supabase.co/rest/v1/possible_diagnoses?select=%2A&assessment_id=eq.4780c4f8-2d7d-4504-a1e7-4ed3d909696c "HTTP/2 200 OK"
2026-02-05 14:31:46,924 - api.triage_endpoint - INFO - Agent analysis for assessment 4780c4f8-2d7d-4504-a1e7-4ed3d909696c: {'text_analysis': None, 'image_analysis': [{'class': 'Acne and Rosacea', 'confidence': 0.9998992681503296, 'description': 'Skin condition: Acne and Rosacea'}, {'class': 'Systemic Disease', 'confidence': 8.514528599334881e-05, 'description': 'Skin condition: Systemic Disease'}, {'class': 'Warts Molluscum and other Viral Infections', 'confidence': 5.406444415712031e-06, 'description': 'Skin condition: Warts Molluscum and other Viral Infections'}, {'class': 'Tinea Ringworm Candidiasis and other Fungal Infections', 'confidence': 4.616938895196654e-06, 'description': 'Skin condition: Tinea Ringworm Candidiasis and other Fungal Infections'}, {'class': 'Melanoma Skin Cancer Nevi and Moles', 'confidence': 2.236834006907884e-06, 'description': 'Skin condition: Melanoma Skin Cancer Nevi and Moles'}], 'relevant_conditions': [{'id': 'Acne and Rosacea Photos', 'data': 'Acne and Rosacea Photos: Acne vulgaris is a chronic inflammatory condition of the pilosebaceous unit, most commonly affecting adolescents. It presents with comedones, papules, pustules, and in severe cases, nodules or cysts. Rosacea, often mistaken for acne, typically affects middle-aged adults and presents with central facial erythema, telangiectasia, and sometimes papulopustular lesions. Triggers include sunlight, heat, spicy food, and alcohol. Treatment for acne includes topical retinoids, benzoyl peroxide, antibiotics, and isotretinoin for severe cases. Rosacea is managed with topical metronidazole, azelaic acid, and oral antibiotics. Laser therapy may help with persistent erythema. Early treatment can prevent scarring and improve quality of life.', 'score': 0.7590580582618713}, {'id': 'Atopic Dermatitis Photos', 'data': 'Atopic Dermatitis Photos: Atopic dermatitis (AD) is a chronic, relapsing inflammatory skin disease associated with genetic, immunologic, and environmental factors. It typically begins in infancy or childhood and is characterized by xerosis, pruritus, and eczematous lesions distributed flexurally in older children and adults. It is often associated with a personal or family history of atopy, including asthma and allergic rhinitis. The skin barrier dysfunction and immune dysregulation lead to increased susceptibility to infections. Diagnosis is clinical, based on established criteria. Treatment involves skin hydration, topical corticosteroids, calcineurin inhibitors, and in severe cases, systemic agents like cyclosporine or dupilumab. Avoidance of triggers and consistent skincare are crucial for control.', 'score': 0.46904629468917847}, {'id': 'Eczema Photos', 'data': 'Eczema Photos: Eczema is a general term encompassing various inflammatory skin conditions, the most common being atopic dermatitis. Other forms include contact dermatitis, nummular eczema, and dyshidrotic eczema. Symptoms include pruritus, erythema, lichenification, and vesicle formation. Triggers vary by type and may include allergens, irritants, stress, or climate changes. Diagnosis is clinical, supported by history. Treatment includes moisturizers, topical corticosteroids, calcineurin inhibitors, and antihistamines. Identifying and avoiding triggers, gentle skin care, and in severe cases, phototherapy or systemic immunomodulators are critical to long-term management. Eczema significantly affects quality of life and may be chronic or relapsing.', 'score': 0.42765793204307556}]}
2026-02-05 14:31:46,925 - api.triage_endpoint - INFO - DEBUG: agent_response type: <class 'dict'>
2026-02-05 14:31:46,926 - api.triage_endpoint - INFO - DEBUG: relevant_conditions in response: [{'id': 'Acne and Rosacea Photos', 'data': 'Acne and Rosacea Photos: Acne vulgaris is a chronic inflammatory condition of the pilosebaceous unit, most commonly affecting adolescents. It presents with comedones, papules, pustules, and in severe cases, nodules or cysts. Rosacea, often mistaken for acne, typically affects middle-aged adults and presents with central facial erythema, telangiectasia, and sometimes papulopustular lesions. Triggers include sunlight, heat, spicy food, and alcohol. Treatment for acne includes topical retinoids, benzoyl peroxide, antibiotics, and isotretinoin for severe cases. Rosacea is managed with topical metronidazole, azelaic acid, and oral antibiotics. Laser therapy may help with persistent erythema. Early treatment can prevent scarring and improve quality of life.', 'score': 0.7590580582618713}, {'id': 'Atopic Dermatitis Photos', 'data': 'Atopic Dermatitis Photos: Atopic dermatitis (AD) is a chronic, relapsing inflammatory skin disease associated with genetic, immunologic, and environmental factors. It typically begins in infancy or childhood and is characterized by xerosis, pruritus, and eczematous lesions distributed flexurally in older children and adults. It is often associated with a personal or family history of atopy, including asthma and allergic rhinitis. The skin barrier dysfunction and immune dysregulation lead to increased susceptibility to infections. Diagnosis is clinical, based on established criteria. Treatment involves skin hydration, topical corticosteroids, calcineurin inhibitors, and in severe cases, systemic agents like cyclosporine or dupilumab. Avoidance of triggers and consistent skincare are crucial for control.', 'score': 0.46904629468917847}, {'id': 'Eczema Photos', 'data': 'Eczema Photos: Eczema is a general term encompassing various inflammatory skin conditions, the most common being atopic dermatitis. Other forms include contact dermatitis, nummular eczema, and dyshidrotic eczema. Symptoms include pruritus, erythema, lichenification, and vesicle formation. Triggers vary by type and may include allergens, irritants, stress, or climate changes. Diagnosis is clinical, supported by history. Treatment includes moisturizers, topical corticosteroids, calcineurin inhibitors, and antihistamines. Identifying and avoiding triggers, gentle skin care, and in severe cases, phototherapy or systemic immunomodulators are critical to long-term management. Eczema significantly affects quality of life and may be chronic or relapsing.', 'score': 0.42765793204307556}]
2026-02-05 14:31:46,927 - api.triage_endpoint - INFO - Updated assessment with top prediction - Label: Acne and Rosacea, Summary: Acne and Rosacea Photos: Acne vulgaris is a chronic inflammatory condition of the pilosebaceous unit, most commonly affecting adolescents. It presents with comedones, papules, pustules, and in severe cases, nodules or cysts. Rosacea, often mistaken for acne, typically affects middle-aged adults and presents with central facial erythema, telangiectasia, and sometimes papulopustular lesions. Triggers include sunlight, heat, spicy food, and alcohol. Treatment for acne includes topical retinoids, benzoyl peroxide, antibiotics, and isotretinoin for severe cases. Rosacea is managed with topical metronidazole, azelaic acid, and oral antibiotics. Laser therapy may help with persistent erythema. Early treatment can prevent scarring and improve quality of life.
2026-02-05 14:31:46,928 - api.triage_endpoint - INFO - DEBUG: Found 3 relevant conditions: [{'id': 'Acne and Rosacea Photos', 'data': 'Acne and Rosacea Photos: Acne vulgaris is a chronic inflammatory condition of the pilosebaceous unit, most commonly affecting adolescents. It presents with comedones, papules, pustules, and in severe cases, nodules or cysts. Rosacea, often mistaken for acne, typically affects middle-aged adults and presents with central facial erythema, telangiectasia, and sometimes papulopustular lesions. Triggers include sunlight, heat, spicy food, and alcohol. Treatment for acne includes topical retinoids, benzoyl peroxide, antibiotics, and isotretinoin for severe cases. Rosacea is managed with topical metronidazole, azelaic acid, and oral antibiotics. Laser therapy may help with persistent erythema. Early treatment can prevent scarring and improve quality of life.', 'score': 0.7590580582618713}, {'id': 'Atopic Dermatitis Photos', 'data': 'Atopic Dermatitis Photos: Atopic dermatitis (AD) is a chronic, relapsing inflammatory skin disease associated with genetic, immunologic, and environmental factors. It typically begins in infancy or childhood and is characterized by xerosis, pruritus, and eczematous lesions distributed flexurally in older children and adults. It is often associated with a personal or family history of atopy, including asthma and allergic rhinitis. The skin barrier dysfunction and immune dysregulation lead to increased susceptibility to infections. Diagnosis is clinical, based on established criteria. Treatment involves skin hydration, topical corticosteroids, calcineurin inhibitors, and in severe cases, systemic agents like cyclosporine or dupilumab. Avoidance of triggers and consistent skincare are crucial for control.', 'score': 0.46904629468917847}, {'id': 'Eczema Photos', 'data': 'Eczema Photos: Eczema is a general term encompassing various inflammatory skin conditions, the most common being atopic dermatitis. Other forms include contact dermatitis, nummular eczema, and dyshidrotic eczema. Symptoms include pruritus, erythema, lichenification, and vesicle formation. Triggers vary by type and may include allergens, irritants, stress, or climate changes. Diagnosis is clinical, supported by history. Treatment includes moisturizers, topical corticosteroids, calcineurin inhibitors, and antihistamines. Identifying and avoiding triggers, gentle skin care, and in severe cases, phototherapy or systemic immunomodulators are critical to long-term management. Eczema significantly affects quality of life and may be chronic or relapsing.', 'score': 0.42765793204307556}]
2026-02-05 14:31:46,929 - api.triage_endpoint - INFO - Created new diagnosis: Acne and Rosacea Photos with confidence 0.7590580582618713
2026-02-05 14:31:47,179 - httpx - INFO - HTTP Request: POST https://atobahhoxunkinyshlte.supabase.co/rest/v1/possible_diagnoses "HTTP/2 201 Created"
2026-02-05 14:31:47,182 - api.triage_endpoint - INFO - Saved diagnosis Acne and Rosacea Photos to database. Result: data=[{'id': 'e505d63c-b23f-4bee-999e-623d18f95cde', 'assessment_id': '4780c4f8-2d7d-4504-a1e7-4ed3d909696c', 'diagnosis_name': 'Acne and Rosacea Photos', 'confidence_score': 0.759058, 'description': 'Acne vulgaris is a chronic inflammatory condition of the pilosebaceous unit, most commonly affecting adolescents. It presents with comedones, papules, pustules, and in severe cases, nodules or cysts. Rosacea, often mistaken for acne, typically affects middle-aged adults and presents with central facial erythema, telangiectasia, and sometimes papulopustular lesions. Triggers include sunlight, heat, spicy food, and alcohol. Treatment for acne includes topical retinoids, benzoyl peroxide, antibiotics, and isotretinoin for severe cases. Rosacea is managed with topical metronidazole, azelaic acid, and oral antibiotics. Laser therapy may help with persistent erythema. Early treatment can prevent scarring and improve quality of life.', 'created_at': '2026-02-05T14:31:46.930322+00:00'}] count=None
2026-02-05 14:31:47,183 - api.triage_endpoint - INFO - Created new diagnosis: Atopic Dermatitis Photos with confidence 0.46904629468917847
2026-02-05 14:31:47,363 - httpx - INFO - HTTP Request: POST https://atobahhoxunkinyshlte.supabase.co/rest/v1/possible_diagnoses "HTTP/2 201 Created"
2026-02-05 14:31:47,366 - api.triage_endpoint - INFO - Saved diagnosis Atopic Dermatitis Photos to database. Result: data=[{'id': '079c8ecf-63fe-4157-a500-9df1157a2314', 'assessment_id': '4780c4f8-2d7d-4504-a1e7-4ed3d909696c', 'diagnosis_name': 'Atopic Dermatitis Photos', 'confidence_score': 0.469046, 'description': 'Atopic dermatitis (AD) is a chronic, relapsing inflammatory skin disease associated with genetic, immunologic, and environmental factors. It typically begins in infancy or childhood and is characterized by xerosis, pruritus, and eczematous lesions distributed flexurally in older children and adults. It is often associated with a personal or family history of atopy, including asthma and allergic rhinitis. The skin barrier dysfunction and immune dysregulation lead to increased susceptibility to infections. Diagnosis is clinical, based on established criteria. Treatment involves skin hydration, topical corticosteroids, calcineurin inhibitors, and in severe cases, systemic agents like cyclosporine or dupilumab. Avoidance of triggers and consistent skincare are crucial for control.', 'created_at': '2026-02-05T14:31:47.184295+00:00'}] count=None
2026-02-05 14:31:47,366 - api.triage_endpoint - INFO - Created new diagnosis: Eczema Photos with confidence 0.42765793204307556
2026-02-05 14:31:47,545 - httpx - INFO - HTTP Request: POST https://atobahhoxunkinyshlte.supabase.co/rest/v1/possible_diagnoses "HTTP/2 201 Created"
2026-02-05 14:31:47,546 - api.triage_endpoint - INFO - Saved diagnosis Eczema Photos to database. Result: data=[{'id': '4731ed43-4750-46d9-a878-1a8119bfee78', 'assessment_id': '4780c4f8-2d7d-4504-a1e7-4ed3d909696c', 'diagnosis_name': 'Eczema Photos', 'confidence_score': 0.427658, 'description': 'Eczema is a general term encompassing various inflammatory skin conditions, the most common being atopic dermatitis. Other forms include contact dermatitis, nummular eczema, and dyshidrotic eczema. Symptoms include pruritus, erythema, lichenification, and vesicle formation. Triggers vary by type and may include allergens, irritants, stress, or climate changes. Diagnosis is clinical, supported by history. Treatment includes moisturizers, topical corticosteroids, calcineurin inhibitors, and antihistamines. Identifying and avoiding triggers, gentle skin care, and in severe cases, phototherapy or systemic immunomodulators are critical to long-term management. Eczema significantly affects quality of life and may be chronic or relapsing.', 'created_at': '2026-02-05T14:31:47.367933+00:00'}] count=None
2026-02-05 14:31:47,546 - api.triage_endpoint - INFO - Total diagnoses after merge: 3
2026-02-05 14:31:47,761 - httpx - INFO - HTTP Request: PATCH https://atobahhoxunkinyshlte.supabase.co/rest/v1/assessments?id=eq.4780c4f8-2d7d-4504-a1e7-4ed3d909696c "HTTP/2 200 OK"
2026-02-05 14:31:47,762 - api.triage_endpoint - INFO - Updated assessment 4780c4f8-2d7d-4504-a1e7-4ed3d909696c with analysis results
